<?xml version="1.0" encoding="UTF-8"?>
<!-- Generated by org.testng.reporters.JUnitReportReporter -->
<testsuite hostname="DESKTOP-0RQMA1V" failures="0" tests="1" name="com.realreco.automation.testplans.RelativeLocatorsExample" time="14.260" errors="0" timestamp="2022-06-14T12:54:57 IST" skipped="0">
  <testcase classname="com.realreco.automation.testplans.RelativeLocatorsExample" name="Test001" time="14.260"/>
  <system-out/>
</testsuite> <!-- com.realreco.automation.testplans.RelativeLocatorsExample -->
