<?xml version="1.0" encoding="UTF-8"?>
<!-- Generated by org.testng.reporters.JUnitReportReporter -->
<testsuite hostname="DESKTOP-0RQMA1V" failures="0" tests="1" name="com.realreco.automation.testplans.Window_Tab_Functionalities" time="8.377" errors="0" timestamp="2022-06-15T14:27:23 IST" skipped="0">
  <testcase classname="com.realreco.automation.testplans.Window_Tab_Functionalities" name="f" time="8.377"/>
  <system-out/>
</testsuite> <!-- com.realreco.automation.testplans.Window_Tab_Functionalities -->
