<?xml version="1.0" encoding="UTF-8"?>
<!-- Generated by org.testng.reporters.JUnitReportReporter -->
<testsuite hostname="DESKTOP-0RQMA1V" failures="0" tests="6" name="com.realreco.automation.testplans.LoginPageTest" time="97.329" errors="0" timestamp="2022-06-10T18:14:30 IST" skipped="0">
  <testcase classname="com.realreco.automation.testplans.LoginPageTest" name="ZSMLoginTest" time="15.425"/>
  <system-out/>
  <testcase classname="com.realreco.automation.testplans.LoginPageTest" name="AdminLoginTest" time="15.684"/>
  <system-out/>
  <testcase classname="com.realreco.automation.testplans.LoginPageTest" name="SuperAdminLoginTest" time="15.473"/>
  <system-out/>
  <testcase classname="com.realreco.automation.testplans.LoginPageTest" name="DispatcherLoginTest" time="16.476"/>
  <system-out/>
  <testcase classname="com.realreco.automation.testplans.LoginPageTest" name="RSMLoginTest" time="17.715"/>
  <system-out/>
  <testcase classname="com.realreco.automation.testplans.LoginPageTest" name="ASMLoginTest" time="16.556"/>
  <system-out/>
</testsuite> <!-- com.realreco.automation.testplans.LoginPageTest -->
