<?xml version="1.0" encoding="UTF-8"?>
<!-- Generated by org.testng.reporters.JUnitReportReporter -->
<testsuite hostname="DESKTOP-0RQMA1V" failures="0" tests="1" name="com.realreco.automation.testplans.RelativeLocatorsExample" time="15.477" errors="0" timestamp="2022-06-15T12:22:29 IST" skipped="0">
  <testcase classname="com.realreco.automation.testplans.RelativeLocatorsExample" name="Test001" time="15.477"/>
  <system-out/>
</testsuite> <!-- com.realreco.automation.testplans.RelativeLocatorsExample -->
