<?xml version="1.0" encoding="UTF-8"?>
<!-- Generated by org.testng.reporters.JUnitReportReporter -->
<testsuite hostname="DESKTOP-0RQMA1V" failures="0" tests="7" name="com.realreco.automation.testplans.LoginPageTest" time="96.339" errors="0" timestamp="2022-06-10T16:35:47 IST" skipped="0">
  <testcase classname="com.realreco.automation.testplans.LoginPageTest" name="ASMLoginTest" time="13.744"/>
  <system-out/>
  <testcase classname="com.realreco.automation.testplans.LoginPageTest" name="LogisticsLoginTest" time="12.751"/>
  <system-out/>
  <testcase classname="com.realreco.automation.testplans.LoginPageTest" name="SuperAdminLoginTest" time="13.094"/>
  <system-out/>
  <testcase classname="com.realreco.automation.testplans.LoginPageTest" name="AdminLoginTest" time="15.878"/>
  <system-out/>
  <testcase classname="com.realreco.automation.testplans.LoginPageTest" name="DispatcherLoginTest" time="13.609"/>
  <system-out/>
  <testcase classname="com.realreco.automation.testplans.LoginPageTest" name="RSMLoginTest" time="13.396"/>
  <system-out/>
  <testcase classname="com.realreco.automation.testplans.LoginPageTest" name="ZSMLoginTest" time="13.867"/>
  <system-out/>
</testsuite> <!-- com.realreco.automation.testplans.LoginPageTest -->
